0 info it worked if it ends with ok
1 verbose cli [ '/usr/bin/nodejs', '/usr/bin/npm', 'install', '-g', 'bower' ]
2 info using npm@1.2.18
3 info using node@v0.10.15
4 verbose read json /usr/local/lib/package.json
5 verbose read json /usr/local/lib/package.json
6 verbose cache add [ 'bower', null ]
7 verbose cache add name=undefined spec="bower" args=["bower",null]
8 verbose parsed url { protocol: null,
8 verbose parsed url   slashes: null,
8 verbose parsed url   auth: null,
8 verbose parsed url   host: null,
8 verbose parsed url   port: null,
8 verbose parsed url   hostname: null,
8 verbose parsed url   hash: null,
8 verbose parsed url   search: null,
8 verbose parsed url   query: null,
8 verbose parsed url   pathname: 'bower',
8 verbose parsed url   path: 'bower',
8 verbose parsed url   href: 'bower' }
9 silly lockFile 206e3ce5-bower bower
10 verbose lock bower /root/.npm/206e3ce5-bower.lock
11 silly lockFile 206e3ce5-bower bower
12 silly lockFile 206e3ce5-bower bower
13 verbose addNamed [ 'bower', '' ]
14 verbose addNamed [ null, '*' ]
15 silly lockFile 1240aab1-bower bower@
16 verbose lock bower@ /root/.npm/1240aab1-bower.lock
17 silly addNameRange { name: 'bower', range: '*', hasData: false }
18 verbose url raw bower
19 verbose url resolving [ 'https://registry.npmjs.org/', './bower' ]
20 verbose url resolved https://registry.npmjs.org/bower
21 info trying registry request attempt 1 at 17:49:31
22 http GET https://registry.npmjs.org/bower
23 info retry will retry, error on last attempt: Error: getaddrinfo ENOTFOUND
24 info trying registry request attempt 2 at 17:50:12
25 http GET https://registry.npmjs.org/bower
26 info retry will retry, error on last attempt: Error: getaddrinfo ENOTFOUND
27 info trying registry request attempt 3 at 17:51:32
28 http GET https://registry.npmjs.org/bower
29 http 200 https://registry.npmjs.org/bower
30 silly registry.get cb [ 200,
30 silly registry.get   { date: 'Thu, 10 Apr 2014 20:51:47 GMT',
30 silly registry.get     server: 'CouchDB/1.5.0 (Erlang OTP/R16B)',
30 silly registry.get     etag: '"38S6ZAN1ECN63EMXKNYESJXR0"',
30 silly registry.get     'content-type': 'application/json',
30 silly registry.get     'cache-control': 'max-age=1',
30 silly registry.get     'content-length': '92641',
30 silly registry.get     'accept-ranges': 'bytes',
30 silly registry.get     via: '1.1 varnish',
30 silly registry.get     age: '3',
30 silly registry.get     'x-served-by': 'cache-v43-ASH',
30 silly registry.get     'x-cache': 'HIT',
30 silly registry.get     'x-cache-hits': '1',
30 silly registry.get     'x-timer': 'S1397163107.645858288,VS0,VE86',
30 silly registry.get     vary: 'Accept',
30 silly registry.get     'keep-alive': 'timeout=10, max=50',
30 silly registry.get     connection: 'Keep-Alive' } ]
31 silly addNameRange number 2 { name: 'bower', range: '*', hasData: true }
32 silly addNameRange versions [ 'bower',
32 silly addNameRange   [ '0.1.0',
32 silly addNameRange     '0.1.2',
32 silly addNameRange     '0.1.3',
32 silly addNameRange     '0.2.0',
32 silly addNameRange     '0.3.0',
32 silly addNameRange     '0.3.1',
32 silly addNameRange     '0.3.2',
32 silly addNameRange     '0.4.0',
32 silly addNameRange     '0.5.0',
32 silly addNameRange     '0.5.1',
32 silly addNameRange     '0.6.0',
32 silly addNameRange     '0.6.1',
32 silly addNameRange     '0.6.2',
32 silly addNameRange     '0.6.3',
32 silly addNameRange     '0.6.4',
32 silly addNameRange     '0.6.5',
32 silly addNameRange     '0.6.6',
32 silly addNameRange     '0.6.7',
32 silly addNameRange     '0.6.8',
32 silly addNameRange     '0.7.0',
32 silly addNameRange     '0.7.1',
32 silly addNameRange     '0.8.0',
32 silly addNameRange     '0.8.1',
32 silly addNameRange     '0.8.2',
32 silly addNameRange     '0.8.3',
32 silly addNameRange     '0.8.4',
32 silly addNameRange     '0.8.5',
32 silly addNameRange     '0.8.6',
32 silly addNameRange     '0.9.0',
32 silly addNameRange     '0.9.1',
32 silly addNameRange     '0.9.2',
32 silly addNameRange     '0.10.0',
32 silly addNameRange     '1.0.0',
32 silly addNameRange     '1.0.1',
32 silly addNameRange     '1.0.2',
32 silly addNameRange     '1.0.3',
32 silly addNameRange     '1.1.0',
32 silly addNameRange     '1.1.1',
32 silly addNameRange     '1.1.2',
32 silly addNameRange     '1.2.0',
32 silly addNameRange     '1.2.1',
32 silly addNameRange     '1.2.2',
32 silly addNameRange     '1.2.3',
32 silly addNameRange     '1.2.4',
32 silly addNameRange     '1.2.5',
32 silly addNameRange     '1.2.6',
32 silly addNameRange     '1.2.7',
32 silly addNameRange     '1.2.8',
32 silly addNameRange     '1.3.0',
32 silly addNameRange     '1.3.1',
32 silly addNameRange     '1.3.2' ] ]
33 verbose addNamed [ 'bower', '1.3.2' ]
34 verbose addNamed [ '1.3.2', '1.3.2' ]
35 silly lockFile 8fa4f256-bower-1-3-2 bower@1.3.2
36 verbose lock bower@1.3.2 /root/.npm/8fa4f256-bower-1-3-2.lock
37 silly lockFile 6f276548--npmjs-org-bower-bower-1-3-2-tgz https://registry.npmjs.org/bower/-/bower-1.3.2.tgz
38 verbose lock https://registry.npmjs.org/bower/-/bower-1.3.2.tgz /root/.npm/6f276548--npmjs-org-bower-bower-1-3-2-tgz.lock
39 verbose addRemoteTarball [ 'https://registry.npmjs.org/bower/-/bower-1.3.2.tgz',
39 verbose addRemoteTarball   'ae1eeea5c3ba9300e10e55b193e9d2fd5407fb7b' ]
40 info retry fetch attempt 1 at 17:51:48
41 verbose fetch to= /root/tmp/npm-2096/1397163108112-0.5626775159034878/tmp.tgz
42 http GET https://registry.npmjs.org/bower/-/bower-1.3.2.tgz
43 error fetch failed https://registry.npmjs.org/bower/-/bower-1.3.2.tgz
44 info retry will retry, error on last attempt: Error: getaddrinfo ENOTFOUND
45 info retry fetch attempt 2 at 17:52:28
46 verbose fetch to= /root/tmp/npm-2096/1397163108112-0.5626775159034878/tmp.tgz
47 http GET https://registry.npmjs.org/bower/-/bower-1.3.2.tgz
48 error fetch failed https://registry.npmjs.org/bower/-/bower-1.3.2.tgz
49 info retry will retry, error on last attempt: Error: UNABLE_TO_VERIFY_LEAF_SIGNATURE
50 info retry fetch attempt 3 at 17:53:33
51 verbose fetch to= /root/tmp/npm-2096/1397163108112-0.5626775159034878/tmp.tgz
52 http GET https://registry.npmjs.org/bower/-/bower-1.3.2.tgz
53 error fetch failed https://registry.npmjs.org/bower/-/bower-1.3.2.tgz
54 silly lockFile 6f276548--npmjs-org-bower-bower-1-3-2-tgz https://registry.npmjs.org/bower/-/bower-1.3.2.tgz
55 silly lockFile 6f276548--npmjs-org-bower-bower-1-3-2-tgz https://registry.npmjs.org/bower/-/bower-1.3.2.tgz
56 silly lockFile 8fa4f256-bower-1-3-2 bower@1.3.2
57 silly lockFile 8fa4f256-bower-1-3-2 bower@1.3.2
58 silly lockFile 1240aab1-bower bower@
59 silly lockFile 1240aab1-bower bower@
60 error Error: getaddrinfo ENOTFOUND
60 error     at errnoException (dns.js:37:11)
60 error     at Object.onanswer [as oncomplete] (dns.js:124:16)
61 error If you need help, you may report this log at:
61 error     <http://bugs.debian.org/npm>
61 error or use
61 error     reportbug --attach /home/codemachine/Rails/resume/npm-debug.log npm
62 error System Linux 3.8.0-27-generic
63 error command "/usr/bin/nodejs" "/usr/bin/npm" "install" "-g" "bower"
64 error cwd /home/codemachine/Rails/resume
65 error node -v v0.10.15
66 error npm -v 1.2.18
67 error syscall getaddrinfo
68 error code ENOTFOUND
69 error errno ENOTFOUND
70 verbose exit [ 1, true ]
